140
15  9664
15  6872
37  9498
15  4510
0  7383
11  8072
37  5856
27  1350
22  5314
8  1890
5  7970
27  9619
27  5494
8  3120
15  3982
5  266
18  4441
9  1920
15  3613
8  6096
15  2794
27  5449
37  6982
8  1019
0  1649
11  2398
25  3585
9  742
8  9403
15  8753
11  9866
22  1213
8  438
11  2039
15  3089
15  9935
5  9437
5  1962
43  6410
25  1500
37  6065
15  1902
15  597
15  9921
9  355
14  3189
11  3031
15  2030
22  7852
43  3451
27  1001
11  374
8  8917
0  6974
22  1663
0  4259
8  1147
22  3619
1  1180
8  4933
37  5740
15  7145
9  2955
15  1001
37  8252
15  7654
0  646
9  9773
25  1654
15  6411
15  3267
18  4263
22  5875
11  7705
27  9336
0  2776
18  3333
15  952
18  2593
15  2654
43  5609
27  8675
13  4108
18  1921
22  9778
9  7247
25  2865
27  217
25  7728
14  6716
11  9325
11  8333
11  5103
14  5852
11  6368
14  4112
11  2514
25  9185
0  204
11  7504
8  1296
18  5504
11  749
43  8919
5  4602
18  2210
2  3935
14  7895
22  5771
8  9997
5  4717
9  5886
9  9672
11  2169
22  5084
11  6358
0  6790
15  1323
43  25
15  9742
15  3151
11  5479
37  2623
11  3923
11  3656
11  7343
25  6204
15  9309
15  6790
22  517
8  6591
18  9298
8  6853
22  767
8  2715
11  7297
27  1047
1  4248
14  2584
11  7314
